<?xml version="1.0" encoding="UTF-8"?>
<!-- Generated by org.testng.reporters.JUnitReportReporter -->
<testsuite hostname="DESKTOP-0BH1UMI" failures="0" tests="1" name="com.amazon.tests.ProductSearchByCategory" time="8.024" errors="0" timestamp="2023-12-22T15:27:50 IST" skipped="0">
  <testcase classname="com.amazon.tests.ProductSearchByCategory" name="searchAndAddToCart" time="8.024"/>
  <system-out/>
</testsuite> <!-- com.amazon.tests.ProductSearchByCategory -->
