<?xml version="1.0" encoding="UTF-8"?>
<!-- Generated by org.testng.reporters.JUnitReportReporter -->
<testsuite hostname="DESKTOP-0BH1UMI" failures="0" tests="1" name="com.amazon.tests.ProductSearchByString" time="7.115" errors="0" timestamp="2023-12-23T12:28:08 IST" skipped="0">
  <testcase classname="com.amazon.tests.ProductSearchByString" name="searchAndAddToCart" time="7.115"/>
  <system-out/>
</testsuite> <!-- com.amazon.tests.ProductSearchByString -->
