<?xml version="1.0" encoding="UTF-8"?>
<!-- Generated by org.testng.reporters.JUnitReportReporter -->
<testsuite hostname="DESKTOP-0BH1UMI" failures="0" tests="1" name="com.amazon.tests.ProductSearchAndApplyFilters" time="6.755" errors="0" timestamp="2023-12-23T12:26:24 IST" skipped="0">
  <testcase classname="com.amazon.tests.ProductSearchAndApplyFilters" name="searchAndApplyFilter" time="6.755"/>
  <system-out/>
</testsuite> <!-- com.amazon.tests.ProductSearchAndApplyFilters -->
